[Wed Jun 28 2017 21:41:14 GMT+0800 (CST)=========================================] /tags/MongoDB
Error: Not Found
    at app.use (/home/lex/Workspace/nodejs/server/blog/app.js:57:13)
    at Layer.handle [as handle_request] (/home/lex/Workspace/nodejs/server/blog/node_modules/express/lib/router/layer.js:95:5)
    at trim_prefix (/home/lex/Workspace/nodejs/server/blog/node_modules/express/lib/router/index.js:317:13)
    at /home/lex/Workspace/nodejs/server/blog/node_modules/express/lib/router/index.js:284:7
    at Function.process_params (/home/lex/Workspace/nodejs/server/blog/node_modules/express/lib/router/index.js:335:12)
    at next (/home/lex/Workspace/nodejs/server/blog/node_modules/express/lib/router/index.js:275:10)
    at SendStream.error (/home/lex/Workspace/nodejs/server/blog/node_modules/serve-static/index.js:121:7)
    at emitOne (events.js:115:13)
    at SendStream.emit (events.js:210:7)
    at SendStream.error (/home/lex/Workspace/nodejs/server/blog/node_modules/send/index.js:282:17)
    at SendStream.onStatError (/home/lex/Workspace/nodejs/server/blog/node_modules/send/index.js:433:12)
    at next (/home/lex/Workspace/nodejs/server/blog/node_modules/send/index.js:743:16)
    at onstat (/home/lex/Workspace/nodejs/server/blog/node_modules/send/index.js:732:14)
    at FSReqWrap.oncomplete (fs.js:152:21)
[Wed Jun 28 2017 22:15:08 GMT+0800 (CST)=========================================] /tags/MongoDB
Error: Not Found
    at app.use (/home/lex/Workspace/nodejs/server/blog/app.js:57:13)
    at Layer.handle [as handle_request] (/home/lex/Workspace/nodejs/server/blog/node_modules/express/lib/router/layer.js:95:5)
    at trim_prefix (/home/lex/Workspace/nodejs/server/blog/node_modules/express/lib/router/index.js:317:13)
    at /home/lex/Workspace/nodejs/server/blog/node_modules/express/lib/router/index.js:284:7
    at Function.process_params (/home/lex/Workspace/nodejs/server/blog/node_modules/express/lib/router/index.js:335:12)
    at next (/home/lex/Workspace/nodejs/server/blog/node_modules/express/lib/router/index.js:275:10)
    at SendStream.error (/home/lex/Workspace/nodejs/server/blog/node_modules/serve-static/index.js:121:7)
    at emitOne (events.js:115:13)
    at SendStream.emit (events.js:210:7)
    at SendStream.error (/home/lex/Workspace/nodejs/server/blog/node_modules/send/index.js:282:17)
    at SendStream.onStatError (/home/lex/Workspace/nodejs/server/blog/node_modules/send/index.js:433:12)
    at next (/home/lex/Workspace/nodejs/server/blog/node_modules/send/index.js:743:16)
    at onstat (/home/lex/Workspace/nodejs/server/blog/node_modules/send/index.js:732:14)
    at FSReqWrap.oncomplete (fs.js:152:21)
